c:\users\cmp3adamad\onedrive - nottingham trent university\side hustle\felon\coursework\coursework\debug\vc142.pdb
c:\users\cmp3adamad\onedrive - nottingham trent university\side hustle\felon\coursework\coursework\debug\vc142.idb
c:\users\cmp3adamad\onedrive - nottingham trent university\side hustle\felon\coursework\coursework\debug\transfer.obj
c:\users\cmp3adamad\onedrive - nottingham trent university\side hustle\felon\coursework\coursework\debug\transactionowner.obj
c:\users\cmp3adamad\onedrive - nottingham trent university\side hustle\felon\coursework\coursework\debug\transaction.obj
c:\users\cmp3adamad\onedrive - nottingham trent university\side hustle\felon\coursework\coursework\debug\main.obj
c:\users\cmp3adamad\onedrive - nottingham trent university\side hustle\felon\coursework\coursework\debug\list.obj
c:\users\cmp3adamad\onedrive - nottingham trent university\side hustle\felon\coursework\coursework\debug\link.obj
c:\users\cmp3adamad\onedrive - nottingham trent university\side hustle\felon\coursework\coursework\debug\interest.obj
c:\users\cmp3adamad\onedrive - nottingham trent university\side hustle\felon\coursework\coursework\debug\directdebit.obj
c:\users\cmp3adamad\onedrive - nottingham trent university\side hustle\felon\coursework\coursework\debug\debit.obj
c:\users\cmp3adamad\onedrive - nottingham trent university\side hustle\felon\coursework\coursework\debug\creditpoint.obj
c:\users\cmp3adamad\onedrive - nottingham trent university\side hustle\felon\coursework\coursework\debug\cashpoint.obj
c:\users\cmp3adamad\onedrive - nottingham trent university\side hustle\felon\coursework\debug\transaction.exe
c:\users\cmp3adamad\onedrive - nottingham trent university\side hustle\felon\coursework\debug\transaction.ilk
c:\users\cmp3adamad\onedrive - nottingham trent university\side hustle\felon\coursework\debug\transaction.pdb
c:\users\cmp3adamad\onedrive - nottingham trent university\side hustle\felon\coursework\coursework\debug\list.obj.enc
c:\users\cmp3adamad\onedrive - nottingham trent university\side hustle\felon\coursework\coursework\debug\transaction.tlog\cl.command.1.tlog
c:\users\cmp3adamad\onedrive - nottingham trent university\side hustle\felon\coursework\coursework\debug\transaction.tlog\cl.read.1.tlog
c:\users\cmp3adamad\onedrive - nottingham trent university\side hustle\felon\coursework\coursework\debug\transaction.tlog\cl.write.1.tlog
c:\users\cmp3adamad\onedrive - nottingham trent university\side hustle\felon\coursework\coursework\debug\transaction.tlog\link.command.1.tlog
c:\users\cmp3adamad\onedrive - nottingham trent university\side hustle\felon\coursework\coursework\debug\transaction.tlog\link.read.1.tlog
c:\users\cmp3adamad\onedrive - nottingham trent university\side hustle\felon\coursework\coursework\debug\transaction.tlog\link.write.1.tlog
